2024-09-02 10:57:33,919 [1] INFO  XpertApp2.Views.MainWindow property:[(null)] - ：System is initialized.
2024-09-02 10:57:37,347 [1] DEBUG XpertApp2.DB.EventDB property:[(null)] - ：INSERT INTO Event_Log_TB (Id,Event_datetime, Event_Type,Event_Description,User_Id,Create_By,Create_On) VALUES (@Id,@Event_datetime, @Event_Type,@Event_Description,@User_Id, @Create_By, @Create_On)-[]
2024-09-02 10:57:37,348 [1] DEBUG XpertApp2.DB.ContentDB property:[(null)] - ：SELECT * FROM Item_TB order by Item_Name-[103]
2024-09-02 10:57:37,374 [1] DEBUG XpertApp2.DB.EventDB property:[(null)] - ：INSERT INTO Event_Log_TB (Id,Event_datetime, Event_Type,Event_Description,User_Id,Create_By,Create_On) VALUES (@Id,@Event_datetime, @Event_Type,@Event_Description,@User_Id, @Create_By, @Create_On)-[]
2024-09-02 10:57:37,375 [1] DEBUG XpertApp2.DB.ContentDB property:[(null)] - ：SELECT  Department_Id  FROM Item_TB group by Department_Id order by Department_Id-[12]
2024-09-02 10:57:37,384 [1] DEBUG XpertApp2.DB.EventDB property:[(null)] - ：INSERT INTO Event_Log_TB (Id,Event_datetime, Event_Type,Event_Description,User_Id,Create_By,Create_On) VALUES (@Id,@Event_datetime, @Event_Type,@Event_Description,@User_Id, @Create_By, @Create_On)-[]
2024-09-02 10:57:37,385 [1] DEBUG XpertApp2.DB.ContentDB property:[(null)] - ：SELECT  Item_type  FROM Item_TB group by Item_type order by Item_type-[12]
2024-09-02 10:58:34,015 [1] INFO  XpertApp2.Views.MainWindow property:[(null)] - ：System is initialized.
2024-09-02 10:58:36,855 [1] DEBUG XpertApp2.DB.EventDB property:[(null)] - ：INSERT INTO Event_Log_TB (Id,Event_datetime, Event_Type,Event_Description,User_Id,Create_By,Create_On) VALUES (@Id,@Event_datetime, @Event_Type,@Event_Description,@User_Id, @Create_By, @Create_On)-[]
2024-09-02 10:58:36,856 [1] DEBUG XpertApp2.DB.ContentDB property:[(null)] - ：SELECT * FROM Item_TB order by Item_Name-[103]
2024-09-02 10:58:36,881 [1] DEBUG XpertApp2.DB.EventDB property:[(null)] - ：INSERT INTO Event_Log_TB (Id,Event_datetime, Event_Type,Event_Description,User_Id,Create_By,Create_On) VALUES (@Id,@Event_datetime, @Event_Type,@Event_Description,@User_Id, @Create_By, @Create_On)-[]
2024-09-02 10:58:36,882 [1] DEBUG XpertApp2.DB.ContentDB property:[(null)] - ：SELECT  Department_Id  FROM Item_TB group by Department_Id order by Department_Id-[12]
2024-09-02 10:58:36,891 [1] DEBUG XpertApp2.DB.EventDB property:[(null)] - ：INSERT INTO Event_Log_TB (Id,Event_datetime, Event_Type,Event_Description,User_Id,Create_By,Create_On) VALUES (@Id,@Event_datetime, @Event_Type,@Event_Description,@User_Id, @Create_By, @Create_On)-[]
2024-09-02 10:58:36,893 [1] DEBUG XpertApp2.DB.ContentDB property:[(null)] - ：SELECT  Item_type  FROM Item_TB group by Item_type order by Item_type-[12]
2024-09-02 11:03:31,839 [1] INFO  XpertApp2.Views.MainWindow property:[(null)] - ：System is initialized.
2024-09-02 11:03:50,029 [1] DEBUG XpertApp2.DB.EventDB property:[(null)] - ：INSERT INTO Event_Log_TB (Id,Event_datetime, Event_Type,Event_Description,User_Id,Create_By,Create_On) VALUES (@Id,@Event_datetime, @Event_Type,@Event_Description,@User_Id, @Create_By, @Create_On)-[]
2024-09-02 11:03:50,030 [1] DEBUG XpertApp2.DB.ContentDB property:[(null)] - ：SELECT * FROM Item_TB order by Item_Name-[103]
2024-09-02 11:03:50,053 [1] DEBUG XpertApp2.DB.EventDB property:[(null)] - ：INSERT INTO Event_Log_TB (Id,Event_datetime, Event_Type,Event_Description,User_Id,Create_By,Create_On) VALUES (@Id,@Event_datetime, @Event_Type,@Event_Description,@User_Id, @Create_By, @Create_On)-[]
2024-09-02 11:03:50,054 [1] DEBUG XpertApp2.DB.ContentDB property:[(null)] - ：SELECT  Department_Id  FROM Item_TB group by Department_Id order by Department_Id-[12]
2024-09-02 11:03:50,061 [1] DEBUG XpertApp2.DB.EventDB property:[(null)] - ：INSERT INTO Event_Log_TB (Id,Event_datetime, Event_Type,Event_Description,User_Id,Create_By,Create_On) VALUES (@Id,@Event_datetime, @Event_Type,@Event_Description,@User_Id, @Create_By, @Create_On)-[]
2024-09-02 11:03:50,062 [1] DEBUG XpertApp2.DB.ContentDB property:[(null)] - ：SELECT  Item_type  FROM Item_TB group by Item_type order by Item_type-[12]
2024-09-02 11:08:07,362 [1] INFO  XpertApp2.Views.MainWindow property:[(null)] - ：System is initialized.
2024-09-02 11:08:10,332 [1] DEBUG XpertApp2.DB.EventDB property:[(null)] - ：INSERT INTO Event_Log_TB (Id,Event_datetime, Event_Type,Event_Description,User_Id,Create_By,Create_On) VALUES (@Id,@Event_datetime, @Event_Type,@Event_Description,@User_Id, @Create_By, @Create_On)-[]
2024-09-02 11:08:10,333 [1] DEBUG XpertApp2.DB.ContentDB property:[(null)] - ：SELECT * FROM Item_TB order by Item_Name-[103]
2024-09-02 11:08:10,356 [1] DEBUG XpertApp2.DB.EventDB property:[(null)] - ：INSERT INTO Event_Log_TB (Id,Event_datetime, Event_Type,Event_Description,User_Id,Create_By,Create_On) VALUES (@Id,@Event_datetime, @Event_Type,@Event_Description,@User_Id, @Create_By, @Create_On)-[]
2024-09-02 11:08:10,357 [1] DEBUG XpertApp2.DB.ContentDB property:[(null)] - ：SELECT  Department_Id  FROM Item_TB group by Department_Id order by Department_Id-[12]
2024-09-02 11:08:10,366 [1] DEBUG XpertApp2.DB.EventDB property:[(null)] - ：INSERT INTO Event_Log_TB (Id,Event_datetime, Event_Type,Event_Description,User_Id,Create_By,Create_On) VALUES (@Id,@Event_datetime, @Event_Type,@Event_Description,@User_Id, @Create_By, @Create_On)-[]
2024-09-02 11:08:10,367 [1] DEBUG XpertApp2.DB.ContentDB property:[(null)] - ：SELECT  Item_type  FROM Item_TB group by Item_type order by Item_type-[12]
2024-09-02 11:10:40,455 [1] INFO  XpertApp2.Views.MainWindow property:[(null)] - ：System is initialized.
2024-09-02 11:10:51,682 [1] DEBUG XpertApp2.DB.EventDB property:[(null)] - ：INSERT INTO Event_Log_TB (Id,Event_datetime, Event_Type,Event_Description,User_Id,Create_By,Create_On) VALUES (@Id,@Event_datetime, @Event_Type,@Event_Description,@User_Id, @Create_By, @Create_On)-[]
2024-09-02 11:10:51,683 [1] DEBUG XpertApp2.DB.ContentDB property:[(null)] - ：SELECT * FROM Item_TB order by Item_Name-[103]
2024-09-02 11:10:51,704 [1] DEBUG XpertApp2.DB.EventDB property:[(null)] - ：INSERT INTO Event_Log_TB (Id,Event_datetime, Event_Type,Event_Description,User_Id,Create_By,Create_On) VALUES (@Id,@Event_datetime, @Event_Type,@Event_Description,@User_Id, @Create_By, @Create_On)-[]
2024-09-02 11:10:51,705 [1] DEBUG XpertApp2.DB.ContentDB property:[(null)] - ：SELECT  Department_Id  FROM Item_TB group by Department_Id order by Department_Id-[12]
2024-09-02 11:10:51,714 [1] DEBUG XpertApp2.DB.EventDB property:[(null)] - ：INSERT INTO Event_Log_TB (Id,Event_datetime, Event_Type,Event_Description,User_Id,Create_By,Create_On) VALUES (@Id,@Event_datetime, @Event_Type,@Event_Description,@User_Id, @Create_By, @Create_On)-[]
2024-09-02 11:10:51,715 [1] DEBUG XpertApp2.DB.ContentDB property:[(null)] - ：SELECT  Item_type  FROM Item_TB group by Item_type order by Item_type-[12]
2024-09-02 13:30:55,308 [1] INFO  XpertApp2.Views.MainWindow property:[(null)] - ：System is initialized.
2024-09-02 13:30:59,269 [1] DEBUG XpertApp2.DB.EventDB property:[(null)] - ：INSERT INTO Event_Log_TB (Id,Event_datetime, Event_Type,Event_Description,User_Id,Create_By,Create_On) VALUES (@Id,@Event_datetime, @Event_Type,@Event_Description,@User_Id, @Create_By, @Create_On)-[]
2024-09-02 13:30:59,270 [1] DEBUG XpertApp2.DB.ContentDB property:[(null)] - ：SELECT * FROM Item_TB order by Item_Name-[103]
2024-09-02 13:30:59,298 [1] DEBUG XpertApp2.DB.EventDB property:[(null)] - ：INSERT INTO Event_Log_TB (Id,Event_datetime, Event_Type,Event_Description,User_Id,Create_By,Create_On) VALUES (@Id,@Event_datetime, @Event_Type,@Event_Description,@User_Id, @Create_By, @Create_On)-[]
2024-09-02 13:30:59,298 [1] DEBUG XpertApp2.DB.ContentDB property:[(null)] - ：SELECT  Department_Id  FROM Item_TB group by Department_Id order by Department_Id-[12]
2024-09-02 13:30:59,307 [1] DEBUG XpertApp2.DB.EventDB property:[(null)] - ：INSERT INTO Event_Log_TB (Id,Event_datetime, Event_Type,Event_Description,User_Id,Create_By,Create_On) VALUES (@Id,@Event_datetime, @Event_Type,@Event_Description,@User_Id, @Create_By, @Create_On)-[]
2024-09-02 13:30:59,308 [1] DEBUG XpertApp2.DB.ContentDB property:[(null)] - ：SELECT  Item_type  FROM Item_TB group by Item_type order by Item_type-[12]
2024-09-02 13:31:23,954 [1] DEBUG XpertApp2.DB.EventDB property:[(null)] - ：INSERT INTO Event_Log_TB (Id,Event_datetime, Event_Type,Event_Description,User_Id,Create_By,Create_On) VALUES (@Id,@Event_datetime, @Event_Type,@Event_Description,@User_Id, @Create_By, @Create_On)-[]
2024-09-02 13:31:24,013 [1] DEBUG XpertApp2.DB.EventDB property:[(null)] - ：INSERT INTO Event_Log_TB (Id,Event_datetime, Event_Type,Event_Description,User_Id,Create_By,Create_On) VALUES (@Id,@Event_datetime, @Event_Type,@Event_Description,@User_Id, @Create_By, @Create_On)-[]
2024-09-02 13:31:24,014 [1] DEBUG XpertApp2.DB.ContentDB property:[(null)] - ：SELECT * FROM Item_TB order by Item_Name-[103]
2024-09-02 13:31:24,023 [1] DEBUG XpertApp2.DB.EventDB property:[(null)] - ：INSERT INTO Event_Log_TB (Id,Event_datetime, Event_Type,Event_Description,User_Id,Create_By,Create_On) VALUES (@Id,@Event_datetime, @Event_Type,@Event_Description,@User_Id, @Create_By, @Create_On)-[]
2024-09-02 13:31:24,023 [1] DEBUG XpertApp2.DB.ContentDB property:[(null)] - ：SELECT  Department_Id  FROM Item_TB group by Department_Id order by Department_Id-[12]
2024-09-02 13:31:24,032 [1] DEBUG XpertApp2.DB.EventDB property:[(null)] - ：INSERT INTO Event_Log_TB (Id,Event_datetime, Event_Type,Event_Description,User_Id,Create_By,Create_On) VALUES (@Id,@Event_datetime, @Event_Type,@Event_Description,@User_Id, @Create_By, @Create_On)-[]
2024-09-02 13:31:24,033 [1] DEBUG XpertApp2.DB.ContentDB property:[(null)] - ：SELECT  Item_type  FROM Item_TB group by Item_type order by Item_type-[12]
2024-09-02 13:31:24,049 [1] DEBUG XpertApp2.DB.EventDB property:[(null)] - ：INSERT INTO Event_Log_TB (Id,Event_datetime, Event_Type,Event_Description,User_Id,Create_By,Create_On) VALUES (@Id,@Event_datetime, @Event_Type,@Event_Description,@User_Id, @Create_By, @Create_On)-[]
2024-09-02 13:31:24,050 [1] DEBUG XpertApp2.DB.UserDB property:[(null)] - ：SELECT * FROM User_TB order by User_Name-[4]
2024-09-02 13:31:24,058 [1] DEBUG XpertApp2.DB.EventDB property:[(null)] - ：INSERT INTO Event_Log_TB (Id,Event_datetime, Event_Type,Event_Description,User_Id,Create_By,Create_On) VALUES (@Id,@Event_datetime, @Event_Type,@Event_Description,@User_Id, @Create_By, @Create_On)-[]
2024-09-02 13:31:24,058 [1] DEBUG XpertApp2.DB.UserDB property:[(null)] - ：SELECT Row_Id FROM User_TB group by Row_Id  order by Row_Id-[3]
2024-09-02 13:31:24,059 [1] DEBUG XpertApp2.DB.UserDB property:[(null)] - ：SELECT Row_Id FROM User_TB group by Row_Id  order by Row_Id-[3]
2024-09-02 13:31:24,068 [1] DEBUG XpertApp2.DB.EventDB property:[(null)] - ：INSERT INTO Event_Log_TB (Id,Event_datetime, Event_Type,Event_Description,User_Id,Create_By,Create_On) VALUES (@Id,@Event_datetime, @Event_Type,@Event_Description,@User_Id, @Create_By, @Create_On)-[]
2024-09-02 13:31:24,068 [1] DEBUG XpertApp2.DB.UserDB property:[(null)] - ：SELECT Department_Id FROM User_TB group by Department_Id  order by Department_Id-[3]
2024-09-02 13:31:24,080 [1] DEBUG XpertApp2.DB.EventDB property:[(null)] - ：INSERT INTO Event_Log_TB (Id,Event_datetime, Event_Type,Event_Description,User_Id,Create_By,Create_On) VALUES (@Id,@Event_datetime, @Event_Type,@Event_Description,@User_Id, @Create_By, @Create_On)-[]
2024-09-02 13:31:24,081 [1] DEBUG XpertApp2.DB.EventDB property:[(null)] - ：SELECT * FROM Event_Log_TB order by Event_datetime desc-[267]
2024-09-02 13:31:24,090 [1] DEBUG XpertApp2.DB.EventDB property:[(null)] - ：INSERT INTO Event_Log_TB (Id,Event_datetime, Event_Type,Event_Description,User_Id,Create_By,Create_On) VALUES (@Id,@Event_datetime, @Event_Type,@Event_Description,@User_Id, @Create_By, @Create_On)-[]
2024-09-02 13:31:24,091 [1] DEBUG XpertApp2.DB.EventDB property:[(null)] - ：SELECT Event_Type FROM Event_Log_TB group by Event_Type order by Event_Type-[2]
2024-09-02 13:31:24,100 [1] DEBUG XpertApp2.DB.EventDB property:[(null)] - ：INSERT INTO Event_Log_TB (Id,Event_datetime, Event_Type,Event_Description,User_Id,Create_By,Create_On) VALUES (@Id,@Event_datetime, @Event_Type,@Event_Description,@User_Id, @Create_By, @Create_On)-[]
2024-09-02 13:31:24,101 [1] DEBUG XpertApp2.DB.EventDB property:[(null)] - ：SELECT * FROM Borrow_Records_TB   order by Create_On desc-[200]
2024-09-02 13:31:24,110 [1] DEBUG XpertApp2.DB.EventDB property:[(null)] - ：INSERT INTO Event_Log_TB (Id,Event_datetime, Event_Type,Event_Description,User_Id,Create_By,Create_On) VALUES (@Id,@Event_datetime, @Event_Type,@Event_Description,@User_Id, @Create_By, @Create_On)-[]
2024-09-02 13:31:24,110 [1] DEBUG XpertApp2.DB.EventDB property:[(null)] - ：SELECT User_Id FROM Borrow_Records_TB group by User_Id  order by User_Id-[1]
2024-09-02 13:32:03,581 [1] DEBUG XpertApp2.DB.EventDB property:[(null)] - ：INSERT INTO Event_Log_TB (Id,Event_datetime, Event_Type,Event_Description,User_Id,Create_By,Create_On) VALUES (@Id,@Event_datetime, @Event_Type,@Event_Description,@User_Id, @Create_By, @Create_On)-[]
2024-09-02 13:32:03,582 [1] DEBUG XpertApp2.DB.UserDB property:[(null)] - ：SELECT * FROM User_TB order by User_Name-[4]
2024-09-02 13:32:55,664 [9] ERROR XpertApp2.DB.EventDB property:[(null)] - ：Event_Log Error: constraint failed
NOT NULL constraint failed: Event_Log_TB.User_Id
2024-09-02 13:33:16,062 [1] ERROR XpertApp2.DB.EventDB property:[(null)] - ：Event_Log Error: constraint failed
NOT NULL constraint failed: Event_Log_TB.User_Id
2024-09-02 13:33:24,849 [1] DEBUG XpertApp2.DB.EventDB property:[(null)] - ：INSERT INTO Event_Log_TB (Id,Event_datetime, Event_Type,Event_Description,User_Id,Create_By,Create_On) VALUES (@Id,@Event_datetime, @Event_Type,@Event_Description,@User_Id, @Create_By, @Create_On)-[]
2024-09-02 13:33:24,882 [1] DEBUG XpertApp2.DB.EventDB property:[(null)] - ：INSERT INTO Event_Log_TB (Id,Event_datetime, Event_Type,Event_Description,User_Id,Create_By,Create_On) VALUES (@Id,@Event_datetime, @Event_Type,@Event_Description,@User_Id, @Create_By, @Create_On)-[]
2024-09-02 13:33:24,883 [1] DEBUG XpertApp2.DB.ContentDB property:[(null)] - ：SELECT * FROM Item_TB order by Item_Name-[103]
2024-09-02 13:33:24,894 [1] DEBUG XpertApp2.DB.EventDB property:[(null)] - ：INSERT INTO Event_Log_TB (Id,Event_datetime, Event_Type,Event_Description,User_Id,Create_By,Create_On) VALUES (@Id,@Event_datetime, @Event_Type,@Event_Description,@User_Id, @Create_By, @Create_On)-[]
2024-09-02 13:33:24,894 [1] DEBUG XpertApp2.DB.ContentDB property:[(null)] - ：SELECT  Department_Id  FROM Item_TB group by Department_Id order by Department_Id-[12]
2024-09-02 13:33:24,903 [1] DEBUG XpertApp2.DB.EventDB property:[(null)] - ：INSERT INTO Event_Log_TB (Id,Event_datetime, Event_Type,Event_Description,User_Id,Create_By,Create_On) VALUES (@Id,@Event_datetime, @Event_Type,@Event_Description,@User_Id, @Create_By, @Create_On)-[]
2024-09-02 13:33:24,903 [1] DEBUG XpertApp2.DB.ContentDB property:[(null)] - ：SELECT  Item_type  FROM Item_TB group by Item_type order by Item_type-[12]
2024-09-02 13:33:24,912 [1] DEBUG XpertApp2.DB.EventDB property:[(null)] - ：INSERT INTO Event_Log_TB (Id,Event_datetime, Event_Type,Event_Description,User_Id,Create_By,Create_On) VALUES (@Id,@Event_datetime, @Event_Type,@Event_Description,@User_Id, @Create_By, @Create_On)-[]
2024-09-02 13:33:24,913 [1] DEBUG XpertApp2.DB.UserDB property:[(null)] - ：SELECT * FROM User_TB order by User_Name-[4]
2024-09-02 13:33:24,920 [1] DEBUG XpertApp2.DB.EventDB property:[(null)] - ：INSERT INTO Event_Log_TB (Id,Event_datetime, Event_Type,Event_Description,User_Id,Create_By,Create_On) VALUES (@Id,@Event_datetime, @Event_Type,@Event_Description,@User_Id, @Create_By, @Create_On)-[]
2024-09-02 13:33:24,920 [1] DEBUG XpertApp2.DB.UserDB property:[(null)] - ：SELECT Row_Id FROM User_TB group by Row_Id  order by Row_Id-[3]
2024-09-02 13:33:24,921 [1] DEBUG XpertApp2.DB.UserDB property:[(null)] - ：SELECT Row_Id FROM User_TB group by Row_Id  order by Row_Id-[3]
2024-09-02 13:33:24,928 [1] DEBUG XpertApp2.DB.EventDB property:[(null)] - ：INSERT INTO Event_Log_TB (Id,Event_datetime, Event_Type,Event_Description,User_Id,Create_By,Create_On) VALUES (@Id,@Event_datetime, @Event_Type,@Event_Description,@User_Id, @Create_By, @Create_On)-[]
2024-09-02 13:33:24,929 [1] DEBUG XpertApp2.DB.UserDB property:[(null)] - ：SELECT Department_Id FROM User_TB group by Department_Id  order by Department_Id-[3]
2024-09-02 13:33:24,936 [1] DEBUG XpertApp2.DB.EventDB property:[(null)] - ：INSERT INTO Event_Log_TB (Id,Event_datetime, Event_Type,Event_Description,User_Id,Create_By,Create_On) VALUES (@Id,@Event_datetime, @Event_Type,@Event_Description,@User_Id, @Create_By, @Create_On)-[]
2024-09-02 13:33:24,937 [1] DEBUG XpertApp2.DB.EventDB property:[(null)] - ：SELECT * FROM Event_Log_TB order by Event_datetime desc-[279]
2024-09-02 13:33:24,944 [1] DEBUG XpertApp2.DB.EventDB property:[(null)] - ：INSERT INTO Event_Log_TB (Id,Event_datetime, Event_Type,Event_Description,User_Id,Create_By,Create_On) VALUES (@Id,@Event_datetime, @Event_Type,@Event_Description,@User_Id, @Create_By, @Create_On)-[]
2024-09-02 13:33:24,945 [1] DEBUG XpertApp2.DB.EventDB property:[(null)] - ：SELECT Event_Type FROM Event_Log_TB group by Event_Type order by Event_Type-[2]
2024-09-02 13:33:24,951 [1] DEBUG XpertApp2.DB.EventDB property:[(null)] - ：INSERT INTO Event_Log_TB (Id,Event_datetime, Event_Type,Event_Description,User_Id,Create_By,Create_On) VALUES (@Id,@Event_datetime, @Event_Type,@Event_Description,@User_Id, @Create_By, @Create_On)-[]
2024-09-02 13:33:24,952 [1] DEBUG XpertApp2.DB.EventDB property:[(null)] - ：SELECT * FROM Borrow_Records_TB   order by Create_On desc-[200]
2024-09-02 13:33:24,959 [1] DEBUG XpertApp2.DB.EventDB property:[(null)] - ：INSERT INTO Event_Log_TB (Id,Event_datetime, Event_Type,Event_Description,User_Id,Create_By,Create_On) VALUES (@Id,@Event_datetime, @Event_Type,@Event_Description,@User_Id, @Create_By, @Create_On)-[]
2024-09-02 13:33:24,959 [1] DEBUG XpertApp2.DB.EventDB property:[(null)] - ：SELECT User_Id FROM Borrow_Records_TB group by User_Id  order by User_Id-[1]
2024-09-02 13:33:36,386 [1] ERROR XpertApp2.DB.EventDB property:[(null)] - ：Event_Log Error: constraint failed
NOT NULL constraint failed: Event_Log_TB.User_Id
2024-09-02 13:33:51,512 [1] INFO  XpertApp2.Views.MainWindow property:[(null)] - ：System is initialized.
2024-09-02 13:33:54,114 [1] DEBUG XpertApp2.DB.EventDB property:[(null)] - ：INSERT INTO Event_Log_TB (Id,Event_datetime, Event_Type,Event_Description,User_Id,Create_By,Create_On) VALUES (@Id,@Event_datetime, @Event_Type,@Event_Description,@User_Id, @Create_By, @Create_On)-[]
2024-09-02 13:33:54,115 [1] DEBUG XpertApp2.DB.ContentDB property:[(null)] - ：SELECT * FROM Item_TB order by Item_Name-[103]
2024-09-02 13:33:54,142 [1] DEBUG XpertApp2.DB.EventDB property:[(null)] - ：INSERT INTO Event_Log_TB (Id,Event_datetime, Event_Type,Event_Description,User_Id,Create_By,Create_On) VALUES (@Id,@Event_datetime, @Event_Type,@Event_Description,@User_Id, @Create_By, @Create_On)-[]
2024-09-02 13:33:54,143 [1] DEBUG XpertApp2.DB.ContentDB property:[(null)] - ：SELECT  Department_Id  FROM Item_TB group by Department_Id order by Department_Id-[12]
2024-09-02 13:33:54,155 [1] DEBUG XpertApp2.DB.EventDB property:[(null)] - ：INSERT INTO Event_Log_TB (Id,Event_datetime, Event_Type,Event_Description,User_Id,Create_By,Create_On) VALUES (@Id,@Event_datetime, @Event_Type,@Event_Description,@User_Id, @Create_By, @Create_On)-[]
2024-09-02 13:33:54,156 [1] DEBUG XpertApp2.DB.ContentDB property:[(null)] - ：SELECT  Item_type  FROM Item_TB group by Item_type order by Item_type-[12]
2024-09-02 13:34:03,885 [1] DEBUG XpertApp2.DB.EventDB property:[(null)] - ：INSERT INTO Event_Log_TB (Id,Event_datetime, Event_Type,Event_Description,User_Id,Create_By,Create_On) VALUES (@Id,@Event_datetime, @Event_Type,@Event_Description,@User_Id, @Create_By, @Create_On)-[]
2024-09-02 13:34:03,936 [1] DEBUG XpertApp2.DB.EventDB property:[(null)] - ：INSERT INTO Event_Log_TB (Id,Event_datetime, Event_Type,Event_Description,User_Id,Create_By,Create_On) VALUES (@Id,@Event_datetime, @Event_Type,@Event_Description,@User_Id, @Create_By, @Create_On)-[]
2024-09-02 13:34:03,937 [1] DEBUG XpertApp2.DB.EventDB property:[(null)] - ：SELECT * FROM Borrow_Records_TB where user_id='admin user1' and Return_datetime is null order by Create_On desc-[100]
2024-09-02 13:34:04,972 [1] DEBUG XpertApp2.DB.EventDB property:[(null)] - ：INSERT INTO Event_Log_TB (Id,Event_datetime, Event_Type,Event_Description,User_Id,Create_By,Create_On) VALUES (@Id,@Event_datetime, @Event_Type,@Event_Description,@User_Id, @Create_By, @Create_On)-[]
2024-09-02 13:34:04,973 [1] DEBUG XpertApp2.DB.EventDB property:[(null)] - ：SELECT * FROM Borrow_Records_TB where user_id='admin user1' and Return_datetime is null order by Create_On desc-[100]
2024-09-02 13:34:06,108 [1] DEBUG XpertApp2.DB.EventDB property:[(null)] - ：INSERT INTO Event_Log_TB (Id,Event_datetime, Event_Type,Event_Description,User_Id,Create_By,Create_On) VALUES (@Id,@Event_datetime, @Event_Type,@Event_Description,@User_Id, @Create_By, @Create_On)-[]
2024-09-02 13:34:06,109 [1] DEBUG XpertApp2.DB.EventDB property:[(null)] - ：SELECT * FROM Borrow_Records_TB where user_id='admin user1' and Return_datetime is null order by Create_On desc-[100]
2024-09-02 13:34:07,198 [1] DEBUG XpertApp2.DB.EventDB property:[(null)] - ：INSERT INTO Event_Log_TB (Id,Event_datetime, Event_Type,Event_Description,User_Id,Create_By,Create_On) VALUES (@Id,@Event_datetime, @Event_Type,@Event_Description,@User_Id, @Create_By, @Create_On)-[]
2024-09-02 13:34:07,199 [1] DEBUG XpertApp2.DB.EventDB property:[(null)] - ：SELECT * FROM Borrow_Records_TB where user_id='admin user1' and Return_datetime is null order by Create_On desc-[100]
2024-09-02 13:34:08,289 [1] DEBUG XpertApp2.DB.EventDB property:[(null)] - ：INSERT INTO Event_Log_TB (Id,Event_datetime, Event_Type,Event_Description,User_Id,Create_By,Create_On) VALUES (@Id,@Event_datetime, @Event_Type,@Event_Description,@User_Id, @Create_By, @Create_On)-[]
2024-09-02 13:34:08,290 [1] DEBUG XpertApp2.DB.EventDB property:[(null)] - ：SELECT * FROM Borrow_Records_TB where user_id='admin user1' and Return_datetime is null order by Create_On desc-[100]
2024-09-02 13:34:09,340 [1] DEBUG XpertApp2.DB.EventDB property:[(null)] - ：INSERT INTO Event_Log_TB (Id,Event_datetime, Event_Type,Event_Description,User_Id,Create_By,Create_On) VALUES (@Id,@Event_datetime, @Event_Type,@Event_Description,@User_Id, @Create_By, @Create_On)-[]
2024-09-02 13:34:09,340 [1] DEBUG XpertApp2.DB.EventDB property:[(null)] - ：SELECT * FROM Borrow_Records_TB where user_id='admin user1' and Return_datetime is null order by Create_On desc-[100]
2024-09-02 13:34:10,398 [1] DEBUG XpertApp2.DB.EventDB property:[(null)] - ：INSERT INTO Event_Log_TB (Id,Event_datetime, Event_Type,Event_Description,User_Id,Create_By,Create_On) VALUES (@Id,@Event_datetime, @Event_Type,@Event_Description,@User_Id, @Create_By, @Create_On)-[]
2024-09-02 13:34:10,399 [1] DEBUG XpertApp2.DB.EventDB property:[(null)] - ：SELECT * FROM Borrow_Records_TB where user_id='admin user1' and Return_datetime is null order by Create_On desc-[100]
2024-09-02 13:34:20,346 [1] INFO  XpertApp2.Views.MainWindow property:[(null)] - ：System is initialized.
